android/app/buildbak/intermediates/manifest_merge_blame_file/debug/manifest-merger-blame-debug-report.txt
1<?xml version="1.0" encoding="utf-8"?>
2<manifest xmlns:android="http://schemas.android.com/apk/res/android"
3    package="com.taswiqapp"
4    android:versionCode="1"
5    android:versionName="1.0" >
6
7    <uses-sdk
8        android:minSdkVersion="21"
9        android:targetSdkVersion="33" />
10
11    <uses-permission android:name="android.permission.SYSTEM_ALERT_WINDOW" />
11-->src\debug\AndroidManifest.xml:5:5-77
11-->src\debug\AndroidManifest.xml:5:22-75
12    <uses-permission android:name="android.permission.INTERNET" /> <!-- Push Notification -->
12-->src\main\AndroidManifest.xml:3:5-67
12-->src\main\AndroidManifest.xml:3:22-64
13    <uses-permission android:name="android.permission.VIBRATE" />
13-->src\main\AndroidManifest.xml:5:5-66
13-->src\main\AndroidManifest.xml:5:22-63
14    <uses-permission android:name="android.permission.RECEIVE_BOOT_COMPLETED" />
14-->src\main\AndroidManifest.xml:6:5-80
14-->src\main\AndroidManifest.xml:6:22-78
15    <uses-permission android:name="android.permission.POST_NOTIFICATIONS" />
15-->src\main\AndroidManifest.xml:7:5-76
15-->src\main\AndroidManifest.xml:7:22-74
16    <uses-permission android:name="android.permission.ACCESS_WIFI_STATE" />
16-->[com.facebook.flipper:flipper:0.182.0] AndroidManifest.xml:16:5-76
16-->[com.facebook.flipper:flipper:0.182.0] AndroidManifest.xml:16:22-73
17    <uses-permission android:name="android.permission.ACCESS_NETWORK_STATE" />
17-->[com.google.firebase:firebase-messaging:21.1.0] AndroidManifest.xml:22:5-79
17-->[com.google.firebase:firebase-messaging:21.1.0] AndroidManifest.xml:22:22-76
18    <uses-permission android:name="android.permission.WAKE_LOCK" /> <!-- Required by older versions of Google Play services to create IID tokens -->
18-->[com.google.firebase:firebase-messaging:21.1.0] AndroidManifest.xml:23:5-68
18-->[com.google.firebase:firebase-messaging:21.1.0] AndroidManifest.xml:23:22-65
19    <uses-permission android:name="com.google.android.c2dm.permission.RECEIVE" /> <!-- for android -->
19-->[com.google.firebase:firebase-messaging:21.1.0] AndroidManifest.xml:25:5-82
19-->[com.google.firebase:firebase-messaging:21.1.0] AndroidManifest.xml:25:22-79
20    <!-- <uses-permission android:name="com.android.launcher.permission.READ_SETTINGS"/> -->
21    <!-- <uses-permission android:name="com.android.launcher.permission.WRITE_SETTINGS"/> -->
22    <!-- <uses-permission android:name="com.android.launcher.permission.INSTALL_SHORTCUT" /> -->
23    <!-- <uses-permission android:name="com.android.launcher.permission.UNINSTALL_SHORTCUT" /> -->
24    <!-- for Samsung -->
25    <uses-permission android:name="com.sec.android.provider.badge.permission.READ" />
25-->[me.leolin:ShortcutBadger:1.1.22] AndroidManifest.xml:19:5-86
25-->[me.leolin:ShortcutBadger:1.1.22] AndroidManifest.xml:19:22-83
26    <uses-permission android:name="com.sec.android.provider.badge.permission.WRITE" /> <!-- for htc -->
26-->[me.leolin:ShortcutBadger:1.1.22] AndroidManifest.xml:20:5-87
26-->[me.leolin:ShortcutBadger:1.1.22] AndroidManifest.xml:20:22-84
27    <uses-permission android:name="com.htc.launcher.permission.READ_SETTINGS" />
27-->[me.leolin:ShortcutBadger:1.1.22] AndroidManifest.xml:23:5-81
27-->[me.leolin:ShortcutBadger:1.1.22] AndroidManifest.xml:23:22-78
28    <uses-permission android:name="com.htc.launcher.permission.UPDATE_SHORTCUT" /> <!-- for sony -->
28-->[me.leolin:ShortcutBadger:1.1.22] AndroidManifest.xml:24:5-83
28-->[me.leolin:ShortcutBadger:1.1.22] AndroidManifest.xml:24:22-80
29    <uses-permission android:name="com.sonyericsson.home.permission.BROADCAST_BADGE" />
29-->[me.leolin:ShortcutBadger:1.1.22] AndroidManifest.xml:27:5-88
29-->[me.leolin:ShortcutBadger:1.1.22] AndroidManifest.xml:27:22-85
30    <uses-permission android:name="com.sonymobile.home.permission.PROVIDER_INSERT_BADGE" /> <!-- for apex -->
30-->[me.leolin:ShortcutBadger:1.1.22] AndroidManifest.xml:28:5-92
30-->[me.leolin:ShortcutBadger:1.1.22] AndroidManifest.xml:28:22-89
31    <uses-permission android:name="com.anddoes.launcher.permission.UPDATE_COUNT" /> <!-- for solid -->
31-->[me.leolin:ShortcutBadger:1.1.22] AndroidManifest.xml:31:5-84
31-->[me.leolin:ShortcutBadger:1.1.22] AndroidManifest.xml:31:22-81
32    <uses-permission android:name="com.majeur.launcher.permission.UPDATE_BADGE" /> <!-- for huawei -->
32-->[me.leolin:ShortcutBadger:1.1.22] AndroidManifest.xml:34:5-83
32-->[me.leolin:ShortcutBadger:1.1.22] AndroidManifest.xml:34:22-80
33    <uses-permission android:name="com.huawei.android.launcher.permission.CHANGE_BADGE" />
33-->[me.leolin:ShortcutBadger:1.1.22] AndroidManifest.xml:37:5-91
33-->[me.leolin:ShortcutBadger:1.1.22] AndroidManifest.xml:37:22-88
34    <uses-permission android:name="com.huawei.android.launcher.permission.READ_SETTINGS" />
34-->[me.leolin:ShortcutBadger:1.1.22] AndroidManifest.xml:38:5-92
34-->[me.leolin:ShortcutBadger:1.1.22] AndroidManifest.xml:38:22-89
35    <uses-permission android:name="com.huawei.android.launcher.permission.WRITE_SETTINGS" /> <!-- for ZUK -->
35-->[me.leolin:ShortcutBadger:1.1.22] AndroidManifest.xml:39:5-93
35-->[me.leolin:ShortcutBadger:1.1.22] AndroidManifest.xml:39:22-90
36    <uses-permission android:name="android.permission.READ_APP_BADGE" /> <!-- for OPPO -->
36-->[me.leolin:ShortcutBadger:1.1.22] AndroidManifest.xml:42:5-73
36-->[me.leolin:ShortcutBadger:1.1.22] AndroidManifest.xml:42:22-70
37    <uses-permission android:name="com.oppo.launcher.permission.READ_SETTINGS" />
37-->[me.leolin:ShortcutBadger:1.1.22] AndroidManifest.xml:45:5-82
37-->[me.leolin:ShortcutBadger:1.1.22] AndroidManifest.xml:45:22-79
38    <uses-permission android:name="com.oppo.launcher.permission.WRITE_SETTINGS" /> <!-- for EvMe -->
38-->[me.leolin:ShortcutBadger:1.1.22] AndroidManifest.xml:46:5-83
38-->[me.leolin:ShortcutBadger:1.1.22] AndroidManifest.xml:46:22-80
39    <uses-permission android:name="me.everything.badger.permission.BADGE_COUNT_READ" />
39-->[me.leolin:ShortcutBadger:1.1.22] AndroidManifest.xml:49:5-88
39-->[me.leolin:ShortcutBadger:1.1.22] AndroidManifest.xml:49:22-85
40    <uses-permission android:name="me.everything.badger.permission.BADGE_COUNT_WRITE" />
40-->[me.leolin:ShortcutBadger:1.1.22] AndroidManifest.xml:50:5-89
40-->[me.leolin:ShortcutBadger:1.1.22] AndroidManifest.xml:50:22-86
41
42    <application
42-->src\main\AndroidManifest.xml:9:5-56:19
43        android:name="com.taswiqapp.MainApplication"
43-->src\main\AndroidManifest.xml:10:7-38
44        android:allowBackup="false"
44-->src\main\AndroidManifest.xml:14:7-34
45        android:appComponentFactory="androidx.core.app.CoreComponentFactory"
45-->[androidx.core:core:1.7.0] AndroidManifest.xml:24:18-86
46        android:debuggable="true"
47        android:icon="@mipmap/ic_launcher"
47-->src\main\AndroidManifest.xml:12:7-41
48        android:label="@string/app_name"
48-->src\main\AndroidManifest.xml:11:7-39
49        android:roundIcon="@mipmap/ic_launcher_round"
49-->src\main\AndroidManifest.xml:13:7-52
50        android:theme="@style/AppTheme"
50-->src\main\AndroidManifest.xml:15:7-38
51        android:usesCleartextTraffic="true" >
51-->src\main\AndroidManifest.xml:16:7-42
52        <activity
52-->src\debug\AndroidManifest.xml:11:9-111
53            android:name="com.facebook.react.devsupport.DevSettingsActivity"
53-->src\debug\AndroidManifest.xml:11:19-83
54            android:exported="false" />
54-->src\debug\AndroidManifest.xml:11:84-108
55        <activity
55-->src\main\AndroidManifest.xml:17:7-30:18
56            android:name="com.taswiqapp.MainActivity"
56-->src\main\AndroidManifest.xml:18:9-37
57            android:configChanges="keyboard|keyboardHidden|orientation|screenLayout|screenSize|smallestScreenSize|uiMode"
57-->src\main\AndroidManifest.xml:20:9-118
58            android:exported="true"
58-->src\main\AndroidManifest.xml:23:9-32
59            android:label="@string/app_name"
59-->src\main\AndroidManifest.xml:19:9-41
60            android:launchMode="singleTask"
60-->src\main\AndroidManifest.xml:21:9-40
61            android:windowSoftInputMode="adjustResize" >
61-->src\main\AndroidManifest.xml:22:9-51
62            <intent-filter>
62-->src\main\AndroidManifest.xml:26:9-29:25
63                <action android:name="android.intent.action.MAIN" />
63-->src\main\AndroidManifest.xml:27:13-65
63-->src\main\AndroidManifest.xml:27:21-62
64
65                <category android:name="android.intent.category.LAUNCHER" />
65-->src\main\AndroidManifest.xml:28:13-73
65-->src\main\AndroidManifest.xml:28:23-70
66            </intent-filter>
67        </activity> <!-- push notification -->
68        <meta-data
68-->src\main\AndroidManifest.xml:33:8-34:44
69            android:name="com.dieam.reactnativepushnotification.notification_foreground"
69-->src\main\AndroidManifest.xml:33:20-96
70            android:value="false" /> <!-- Change the resource name to your App's accent color - or any other color you want -->
70-->src\main\AndroidManifest.xml:34:21-42
71        <meta-data
71-->src\main\AndroidManifest.xml:36:9-37:54
72            android:name="com.dieam.reactnativepushnotification.notification_color"
72-->src\main\AndroidManifest.xml:36:21-92
73            android:resource="@color/white" /> <!-- or @android:color/{name} to use a standard color -->
73-->src\main\AndroidManifest.xml:37:21-52
74        <receiver android:name="com.dieam.reactnativepushnotification.modules.RNPushNotificationActions" />
74-->src\main\AndroidManifest.xml:39:9-108
74-->src\main\AndroidManifest.xml:39:19-105
75        <receiver android:name="com.dieam.reactnativepushnotification.modules.RNPushNotificationPublisher" />
75-->src\main\AndroidManifest.xml:40:9-109
75-->src\main\AndroidManifest.xml:40:19-107
76        <receiver
76-->src\main\AndroidManifest.xml:41:9-47:20
77            android:name="com.dieam.reactnativepushnotification.modules.RNPushNotificationBootEventReceiver"
77-->src\main\AndroidManifest.xml:41:19-115
78            android:exported="false" >
78-->src\main\AndroidManifest.xml:41:117-141
79            <intent-filter>
79-->src\main\AndroidManifest.xml:42:13-46:29
80                <action android:name="android.intent.action.BOOT_COMPLETED" />
80-->src\main\AndroidManifest.xml:43:17-79
80-->src\main\AndroidManifest.xml:43:25-76
81                <action android:name="android.intent.action.QUICKBOOT_POWERON" />
81-->src\main\AndroidManifest.xml:44:17-82
81-->src\main\AndroidManifest.xml:44:25-79
82                <action android:name="com.htc.intent.action.QUICKBOOT_POWERON" />
82-->src\main\AndroidManifest.xml:45:17-81
82-->src\main\AndroidManifest.xml:45:25-79
83            </intent-filter>
84        </receiver>
85
86        <service
86-->src\main\AndroidManifest.xml:49:9-55:19
87            android:name="com.dieam.reactnativepushnotification.modules.RNPushNotificationListenerService"
87-->src\main\AndroidManifest.xml:50:13-107
88            android:exported="false" >
88-->src\main\AndroidManifest.xml:51:13-37
89            <intent-filter>
89-->src\main\AndroidManifest.xml:52:13-54:29
90                <action android:name="com.google.firebase.MESSAGING_EVENT" />
90-->src\main\AndroidManifest.xml:53:17-78
90-->src\main\AndroidManifest.xml:53:25-75
91            </intent-filter>
92        </service>
93
94        <provider
94-->[:react-native-image-picker] AndroidManifest.xml:8:9-16:20
95            android:name="com.imagepicker.ImagePickerProvider"
95-->[:react-native-image-picker] AndroidManifest.xml:9:13-63
96            android:authorities="com.taswiqapp.imagepickerprovider"
96-->[:react-native-image-picker] AndroidManifest.xml:10:13-71
97            android:exported="false"
97-->[:react-native-image-picker] AndroidManifest.xml:11:13-37
98            android:grantUriPermissions="true" >
98-->[:react-native-image-picker] AndroidManifest.xml:12:13-47
99            <meta-data
99-->[:react-native-image-picker] AndroidManifest.xml:13:13-15:70
100                android:name="android.support.FILE_PROVIDER_PATHS"
100-->[:react-native-image-picker] AndroidManifest.xml:14:17-67
101                android:resource="@xml/imagepicker_provider_paths" />
101-->[:react-native-image-picker] AndroidManifest.xml:15:17-67
102        </provider>
103
104        <meta-data
104-->[com.facebook.soloader:soloader:0.10.5] AndroidManifest.xml:12:9-14:37
105            android:name="com.facebook.soloader.enabled"
105-->[com.facebook.soloader:soloader:0.10.5] AndroidManifest.xml:13:13-57
106            android:value="false" />
106-->[com.facebook.soloader:soloader:0.10.5] AndroidManifest.xml:14:13-34
107
108        <receiver
108-->[com.google.firebase:firebase-messaging:21.1.0] AndroidManifest.xml:28:9-35:20
109            android:name="com.google.firebase.iid.FirebaseInstanceIdReceiver"
109-->[com.google.firebase:firebase-messaging:21.1.0] AndroidManifest.xml:29:13-78
110            android:exported="true"
110-->[com.google.firebase:firebase-messaging:21.1.0] AndroidManifest.xml:30:13-36
111            android:permission="com.google.android.c2dm.permission.SEND" >
111-->[com.google.firebase:firebase-messaging:21.1.0] AndroidManifest.xml:31:13-73
112            <intent-filter>
112-->[com.google.firebase:firebase-messaging:21.1.0] AndroidManifest.xml:32:13-34:29
113                <action android:name="com.google.android.c2dm.intent.RECEIVE" />
113-->[com.google.firebase:firebase-messaging:21.1.0] AndroidManifest.xml:33:17-81
113-->[com.google.firebase:firebase-messaging:21.1.0] AndroidManifest.xml:33:25-78
114            </intent-filter>
115        </receiver>
116        <!--
117             FirebaseMessagingService performs security checks at runtime,
118             but set to not exported to explicitly avoid allowing another app to call it.
119        -->
120        <service
120-->[com.google.firebase:firebase-messaging:21.1.0] AndroidManifest.xml:41:9-48:19
121            android:name="com.google.firebase.messaging.FirebaseMessagingService"
121-->[com.google.firebase:firebase-messaging:21.1.0] AndroidManifest.xml:42:13-82
122            android:directBootAware="true"
122-->[com.google.firebase:firebase-messaging:21.1.0] AndroidManifest.xml:43:13-43
123            android:exported="false" >
123-->[com.google.firebase:firebase-messaging:21.1.0] AndroidManifest.xml:44:13-37
124            <intent-filter android:priority="-500" >
124-->src\main\AndroidManifest.xml:52:13-54:29
125                <action android:name="com.google.firebase.MESSAGING_EVENT" />
125-->src\main\AndroidManifest.xml:53:17-78
125-->src\main\AndroidManifest.xml:53:25-75
126            </intent-filter>
127        </service>
128        <service
128-->[com.google.firebase:firebase-messaging:21.1.0] AndroidManifest.xml:49:9-55:19
129            android:name="com.google.firebase.components.ComponentDiscoveryService"
129-->[com.google.firebase:firebase-messaging:21.1.0] AndroidManifest.xml:50:13-84
130            android:directBootAware="true"
130-->[com.google.firebase:firebase-common:19.5.0] AndroidManifest.xml:35:13-43
131            android:exported="false" >
131-->[com.google.firebase:firebase-messaging:21.1.0] AndroidManifest.xml:51:13-37
132            <meta-data
132-->[com.google.firebase:firebase-messaging:21.1.0] AndroidManifest.xml:52:13-54:85
133                android:name="com.google.firebase.components:com.google.firebase.messaging.FirebaseMessagingRegistrar"
133-->[com.google.firebase:firebase-messaging:21.1.0] AndroidManifest.xml:53:17-119
134                android:value="com.google.firebase.components.ComponentRegistrar" />
134-->[com.google.firebase:firebase-messaging:21.1.0] AndroidManifest.xml:54:17-82
135            <meta-data
135-->[com.google.firebase:firebase-iid:21.1.0] AndroidManifest.xml:32:13-34:85
136                android:name="com.google.firebase.components:com.google.firebase.iid.Registrar"
136-->[com.google.firebase:firebase-iid:21.1.0] AndroidManifest.xml:33:17-96
137                android:value="com.google.firebase.components.ComponentRegistrar" />
137-->[com.google.firebase:firebase-iid:21.1.0] AndroidManifest.xml:34:17-82
138            <meta-data
138-->[com.google.firebase:firebase-datatransport:17.0.10] AndroidManifest.xml:28:13-30:85
139                android:name="com.google.firebase.components:com.google.firebase.datatransport.TransportRegistrar"
139-->[com.google.firebase:firebase-datatransport:17.0.10] AndroidManifest.xml:29:17-115
140                android:value="com.google.firebase.components.ComponentRegistrar" />
140-->[com.google.firebase:firebase-datatransport:17.0.10] AndroidManifest.xml:30:17-82
141            <meta-data
141-->[com.google.firebase:firebase-installations:16.3.5] AndroidManifest.xml:18:13-20:85
142                android:name="com.google.firebase.components:com.google.firebase.installations.FirebaseInstallationsRegistrar"
142-->[com.google.firebase:firebase-installations:16.3.5] AndroidManifest.xml:19:17-127
143                android:value="com.google.firebase.components.ComponentRegistrar" />
143-->[com.google.firebase:firebase-installations:16.3.5] AndroidManifest.xml:20:17-82
144            <!--
145                This registrar is not defined in the dynamic-module-support sdk itself to allow non-firebase
146                clients to use it as well, by defining this registrar in their own core/common library.
147            -->
148            <meta-data
148-->[com.google.firebase:firebase-common:19.5.0] AndroidManifest.xml:43:13-45:85
149                android:name="com.google.firebase.components:com.google.firebase.dynamicloading.DynamicLoadingRegistrar"
149-->[com.google.firebase:firebase-common:19.5.0] AndroidManifest.xml:44:17-121
150                android:value="com.google.firebase.components.ComponentRegistrar" />
150-->[com.google.firebase:firebase-common:19.5.0] AndroidManifest.xml:45:17-82
151        </service>
152
153        <provider
153-->[com.google.firebase:firebase-common:19.5.0] AndroidManifest.xml:26:9-31:39
154            android:name="com.google.firebase.provider.FirebaseInitProvider"
154-->[com.google.firebase:firebase-common:19.5.0] AndroidManifest.xml:27:13-77
155            android:authorities="com.taswiqapp.firebaseinitprovider"
155-->[com.google.firebase:firebase-common:19.5.0] AndroidManifest.xml:28:13-72
156            android:directBootAware="true"
156-->[com.google.firebase:firebase-common:19.5.0] AndroidManifest.xml:29:13-43
157            android:exported="false"
157-->[com.google.firebase:firebase-common:19.5.0] AndroidManifest.xml:30:13-37
158            android:initOrder="100" />
158-->[com.google.firebase:firebase-common:19.5.0] AndroidManifest.xml:31:13-36
159
160        <meta-data
160-->[com.google.android.gms:play-services-basement:17.0.0] AndroidManifest.xml:23:9-25:69
161            android:name="com.google.android.gms.version"
161-->[com.google.android.gms:play-services-basement:17.0.0] AndroidManifest.xml:24:13-58
162            android:value="@integer/google_play_services_version" />
162-->[com.google.android.gms:play-services-basement:17.0.0] AndroidManifest.xml:25:13-66
163
164        <provider
164-->[androidx.emoji2:emoji2:1.0.0] AndroidManifest.xml:26:9-34:20
165            android:name="androidx.startup.InitializationProvider"
165-->[androidx.emoji2:emoji2:1.0.0] AndroidManifest.xml:27:13-67
166            android:authorities="com.taswiqapp.androidx-startup"
166-->[androidx.emoji2:emoji2:1.0.0] AndroidManifest.xml:28:13-68
167            android:exported="false" >
167-->[androidx.emoji2:emoji2:1.0.0] AndroidManifest.xml:29:13-37
168            <meta-data
168-->[androidx.emoji2:emoji2:1.0.0] AndroidManifest.xml:31:13-33:52
169                android:name="androidx.emoji2.text.EmojiCompatInitializer"
169-->[androidx.emoji2:emoji2:1.0.0] AndroidManifest.xml:32:17-75
170                android:value="androidx.startup" />
170-->[androidx.emoji2:emoji2:1.0.0] AndroidManifest.xml:33:17-49
171            <meta-data
171-->[androidx.lifecycle:lifecycle-process:2.4.0] AndroidManifest.xml:31:13-33:52
172                android:name="androidx.lifecycle.ProcessLifecycleInitializer"
172-->[androidx.lifecycle:lifecycle-process:2.4.0] AndroidManifest.xml:32:17-78
173                android:value="androidx.startup" />
173-->[androidx.lifecycle:lifecycle-process:2.4.0] AndroidManifest.xml:33:17-49
174        </provider>
175
176        <service
176-->[com.google.android.datatransport:transport-backend-cct:2.3.3] AndroidManifest.xml:29:9-35:19
177            android:name="com.google.android.datatransport.runtime.backends.TransportBackendDiscovery"
177-->[com.google.android.datatransport:transport-backend-cct:2.3.3] AndroidManifest.xml:30:13-103
178            android:exported="false" >
178-->[com.google.android.datatransport:transport-backend-cct:2.3.3] AndroidManifest.xml:31:13-37
179            <meta-data
179-->[com.google.android.datatransport:transport-backend-cct:2.3.3] AndroidManifest.xml:32:13-34:39
180                android:name="backend:com.google.android.datatransport.cct.CctBackendFactory"
180-->[com.google.android.datatransport:transport-backend-cct:2.3.3] AndroidManifest.xml:33:17-94
181                android:value="cct" />
181-->[com.google.android.datatransport:transport-backend-cct:2.3.3] AndroidManifest.xml:34:17-36
182        </service>
183        <service
183-->[com.google.android.datatransport:transport-runtime:2.2.5] AndroidManifest.xml:26:9-30:19
184            android:name="com.google.android.datatransport.runtime.scheduling.jobscheduling.JobInfoSchedulerService"
184-->[com.google.android.datatransport:transport-runtime:2.2.5] AndroidManifest.xml:27:13-117
185            android:exported="false"
185-->[com.google.android.datatransport:transport-runtime:2.2.5] AndroidManifest.xml:28:13-37
186            android:permission="android.permission.BIND_JOB_SERVICE" >
186-->[com.google.android.datatransport:transport-runtime:2.2.5] AndroidManifest.xml:29:13-69
187        </service>
188
189        <receiver
189-->[com.google.android.datatransport:transport-runtime:2.2.5] AndroidManifest.xml:32:9-34:40
190            android:name="com.google.android.datatransport.runtime.scheduling.jobscheduling.AlarmManagerSchedulerBroadcastReceiver"
190-->[com.google.android.datatransport:transport-runtime:2.2.5] AndroidManifest.xml:33:13-132
191            android:exported="false" />
191-->[com.google.android.datatransport:transport-runtime:2.2.5] AndroidManifest.xml:34:13-37
192    </application>
193
194</manifest>